#
# A fatal error has been detected by the Java Runtime Environment:
#
#  Internal Error (classFileParser.cpp:3494), pid=4016, tid=2704
#  Error: ShouldNotReachHere()
#
# JRE version: 6.0_30-b12
# Java VM: Java HotSpot(TM) Client VM (20.5-b03 mixed mode windows-x86 )
# If you would like to submit a bug report, please visit:
#   http://java.sun.com/webapps/bugreport/crash.jsp
#

---------------  T H R E A D  ---------------

Current thread (0x016b9c00):  JavaThread "Unknown thread" [_thread_in_vm, id=2704, stack(0x01600000,0x01650000)]

Stack: [0x01600000,0x01650000],  sp=0x0164f86c,  free space=318k
Native frames: (J=compiled Java code, j=interpreted, Vv=VM code, C=native code)
V  [jvm.dll+0x1335ca]
V  [jvm.dll+0x12e57b]
V  [jvm.dll+0x1639e]
V  [jvm.dll+0x17bdf]
V  [jvm.dll+0x26cc5]
V  [jvm.dll+0x27506]
V  [jvm.dll+0x278b5]
V  [jvm.dll+0x27949]
V  [jvm.dll+0x27a0c]
V  [jvm.dll+0x27a8a]
V  [jvm.dll+0x27b6d]
V  [jvm.dll+0x27e39]
V  [jvm.dll+0x6c383]
V  [jvm.dll+0x6c75c]
V  [jvm.dll+0xf9b4c]
V  [jvm.dll+0x11848b]
V  [jvm.dll+0x9eb60]
C  [javaw.exe+0x1657]
C  [javaw.exe+0x1e2c]
C  [javaw.exe+0x8614]
C  [kernel32.dll+0x4ed5c]  BaseThreadInitThunk+0x12
C  [ntdll.dll+0x637eb]  RtlInitializeExceptionChain+0xef
C  [ntdll.dll+0x637be]  RtlInitializeExceptionChain+0xc2


---------------  P R O C E S S  ---------------

Java Threads: ( => current thread )

Other Threads:

=>0x016b9c00 (exited) JavaThread "Unknown thread" [_thread_in_vm, id=2704, stack(0x01600000,0x01650000)]

VM state:not at safepoint (not fully initialized)

VM Mutex/Monitor currently owned by a thread: None

Dynamic libraries:
0x00400000 - 0x00425000 	G:\Program Files\Java\jre6\bin\javaw.exe
0x77570000 - 0x776ac000 	G:\Windows\SYSTEM32\ntdll.dll
0x76e90000 - 0x76f64000 	G:\Windows\system32\kernel32.dll
0x758c0000 - 0x7590b000 	G:\Windows\system32\KERNELBASE.dll
0x77700000 - 0x777a0000 	G:\Windows\system32\ADVAPI32.dll
0x77210000 - 0x772bc000 	G:\Windows\system32\msvcrt.dll
0x77360000 - 0x77379000 	G:\Windows\SYSTEM32\sechost.dll
0x770c0000 - 0x77162000 	G:\Windows\system32\RPCRT4.dll
0x768b0000 - 0x76979000 	G:\Windows\system32\USER32.dll
0x76b40000 - 0x76b8e000 	G:\Windows\system32\GDI32.dll
0x765b0000 - 0x765ba000 	G:\Windows\system32\LPK.dll
0x77170000 - 0x7720d000 	G:\Windows\system32\USP10.dll
0x76f70000 - 0x76f8f000 	G:\Windows\system32\IMM32.DLL
0x76db0000 - 0x76e7c000 	G:\Windows\system32\MSCTF.dll
0x10000000 - 0x10059000 	G:\Windows\system32\guard32.dll
0x754a0000 - 0x754a9000 	G:\Windows\system32\VERSION.dll
0x75460000 - 0x75467000 	G:\Windows\system32\fltlib.dll
0x7c340000 - 0x7c396000 	G:\Program Files\Java\jre6\bin\msvcr71.dll
0x6d7f0000 - 0x6da9f000 	G:\Program Files\Java\jre6\bin\client\jvm.dll
0x739f0000 - 0x73a22000 	G:\Windows\system32\WINMM.dll
0x754d0000 - 0x7551c000 	G:\Windows\system32\apphelp.dll
0x6d7a0000 - 0x6d7ac000 	G:\Program Files\Java\jre6\bin\verify.dll
0x6d320000 - 0x6d33f000 	G:\Program Files\Java\jre6\bin\java.dll
0x6d7e0000 - 0x6d7ef000 	G:\Program Files\Java\jre6\bin\zip.dll
0x776f0000 - 0x776f5000 	G:\Windows\system32\PSAPI.DLL

VM Arguments:
jvm_args: -Dfile.encoding=Cp1252 -Xbootclasspath:F:\adt-bundle-windows-x86-20130219\sdk\platforms\android-17\android.jar 
java_command: fedtitlesandaddressesextractor
Launcher Type: SUN_STANDARD

Environment Variables:
CLASSPATH=.;G:\Program Files\Java\jre7\lib\ext\QTJava.zip
PATH=G:/Program Files/Java/jre7/bin/client;G:/Program Files/Java/jre7/bin;G:/Program Files/Java/jre7/lib/i386;G:\Program Files\NVIDIA Corporation\PhysX\Common;G:\Program Files\AMD APP\bin\x86;G:\Windows\system32;G:\Windows;G:\Windows\System32\Wbem;G:\Windows\System32\WindowsPowerShell\v1.0\;G:\Program Files\ATI Technologies\ATI.ACE\Core-Static;G:\Program Files\QuickTime\QTSystem\;F:\adt-bundle-windows-x86-20130219\eclipse;
USERNAME=Rishabh
OS=Windows_NT
PROCESSOR_IDENTIFIER=x86 Family 6 Model 23 Stepping 10, GenuineIntel



---------------  S Y S T E M  ---------------

OS: Windows 7 Build 7601 Service Pack 1

CPU:total 2 (2 cores per cpu, 1 threads per core) family 6 model 23 stepping 10, cmov, cx8, fxsr, mmx, sse, sse2, sse3, ssse3, sse4.1

Memory: 4k page, physical 2095608k(712248k free), swap 4069980k(2119824k free)

vm_info: Java HotSpot(TM) Client VM (20.5-b03) for windows-x86 JRE (1.6.0_30-b12), built on Nov 10 2011 01:51:00 by "java_re" with MS VC++ 7.1 (VS2003)

time: Thu Sep 12 23:18:35 2013
elapsed time: 0 seconds

