#
# A fatal error has been detected by the Java Runtime Environment:
#
#  Internal Error (classFileParser.cpp:3494), pid=4200, tid=3484
#  Error: ShouldNotReachHere()
#
# JRE version: 6.0_30-b12
# Java VM: Java HotSpot(TM) Client VM (20.5-b03 mixed mode windows-x86 )
# If you would like to submit a bug report, please visit:
#   http://java.sun.com/webapps/bugreport/crash.jsp
#

---------------  T H R E A D  ---------------

Current thread (0x017c9c00):  JavaThread "Unknown thread" [_thread_in_vm, id=3484, stack(0x011a0000,0x011f0000)]

Stack: [0x011a0000,0x011f0000],  sp=0x011ef86c,  free space=318k
Native frames: (J=compiled Java code, j=interpreted, Vv=VM code, C=native code)
V  [jvm.dll+0x1335ca]
V  [jvm.dll+0x12e57b]
V  [jvm.dll+0x1639e]
V  [jvm.dll+0x17bdf]
V  [jvm.dll+0x26cc5]
V  [jvm.dll+0x27506]
V  [jvm.dll+0x278b5]
V  [jvm.dll+0x27949]
V  [jvm.dll+0x27a0c]
V  [jvm.dll+0x27a8a]
V  [jvm.dll+0x27b6d]
V  [jvm.dll+0x27e39]
V  [jvm.dll+0x6c383]
V  [jvm.dll+0x6c75c]
V  [jvm.dll+0xf9b4c]
V  [jvm.dll+0x11848b]
V  [jvm.dll+0x9eb60]
C  [javaw.exe+0x1657]
C  [javaw.exe+0x1e2c]
C  [javaw.exe+0x8614]
C  [kernel32.dll+0x4ed5c]  BaseThreadInitThunk+0x12
C  [ntdll.dll+0x637eb]  RtlInitializeExceptionChain+0xef
C  [ntdll.dll+0x637be]  RtlInitializeExceptionChain+0xc2


---------------  P R O C E S S  ---------------

Java Threads: ( => current thread )

Other Threads:

=>0x017c9c00 (exited) JavaThread "Unknown thread" [_thread_in_vm, id=3484, stack(0x011a0000,0x011f0000)]

VM state:not at safepoint (not fully initialized)

VM Mutex/Monitor currently owned by a thread: None

Dynamic libraries:
0x00400000 - 0x00425000 	G:\Program Files\Java\jre6\bin\javaw.exe
0x77050000 - 0x7718c000 	G:\Windows\SYSTEM32\ntdll.dll
0x76a10000 - 0x76ae4000 	G:\Windows\system32\kernel32.dll
0x75150000 - 0x7519b000 	G:\Windows\system32\KERNELBASE.dll
0x76f80000 - 0x77020000 	G:\Windows\system32\ADVAPI32.dll
0x759a0000 - 0x75a4c000 	G:\Windows\system32\msvcrt.dll
0x76c90000 - 0x76ca9000 	G:\Windows\SYSTEM32\sechost.dll
0x76de0000 - 0x76e82000 	G:\Windows\system32\RPCRT4.dll
0x771a0000 - 0x77269000 	G:\Windows\system32\USER32.dll
0x76f30000 - 0x76f7e000 	G:\Windows\system32\GDI32.dll
0x75db0000 - 0x75dba000 	G:\Windows\system32\LPK.dll
0x76e90000 - 0x76f2d000 	G:\Windows\system32\USP10.dll
0x753f0000 - 0x7540f000 	G:\Windows\system32\IMM32.DLL
0x75ce0000 - 0x75dac000 	G:\Windows\system32\MSCTF.dll
0x10000000 - 0x10059000 	G:\Windows\system32\guard32.dll
0x74f80000 - 0x74f89000 	G:\Windows\system32\VERSION.dll
0x74f50000 - 0x74f57000 	G:\Windows\system32\fltlib.dll
0x7c340000 - 0x7c396000 	G:\Program Files\Java\jre6\bin\msvcr71.dll
0x6d7f0000 - 0x6da9f000 	G:\Program Files\Java\jre6\bin\client\jvm.dll
0x734d0000 - 0x73502000 	G:\Windows\system32\WINMM.dll
0x74fb0000 - 0x74ffc000 	G:\Windows\system32\apphelp.dll
0x6d7a0000 - 0x6d7ac000 	G:\Program Files\Java\jre6\bin\verify.dll
0x6d320000 - 0x6d33f000 	G:\Program Files\Java\jre6\bin\java.dll
0x6d7e0000 - 0x6d7ef000 	G:\Program Files\Java\jre6\bin\zip.dll
0x77270000 - 0x77275000 	G:\Windows\system32\PSAPI.DLL

VM Arguments:
jvm_args: -Dfile.encoding=Cp1252 -Xbootclasspath:F:\adt-bundle-windows-x86-20130219\sdk\platforms\android-17\android.jar 
java_command: fedtitlesandaddressesextractor
Launcher Type: SUN_STANDARD

Environment Variables:
CLASSPATH=.;G:\Program Files\Java\jre7\lib\ext\QTJava.zip
PATH=G:/Program Files/Java/jre7/bin/client;G:/Program Files/Java/jre7/bin;G:/Program Files/Java/jre7/lib/i386;ommonProgramFiles\Microsoft Shared\Windows Live;G:\Program Files\NVIDIA Corporation\PhysX\Common;G:\Program Files\AMD APP\bin\x86;G:\Windows\system32;G:\Windows;G:\Windows\System32\Wbem;G:\Windows\System32\WindowsPowerShell\v1.0\;G:\Program Files\ATI Technologies\ATI.ACE\Core-Static;G:\Program Files\QuickTime\QTSystem\;G:\Program Files\Perforce;G:\Program Files\Common Files\Microsoft Shared\Windows Live;G:\Program Files\Perforce\Server;F:\adt-bundle-windows-x86-20130219\eclipse;
USERNAME=Rishabh
OS=Windows_NT
PROCESSOR_IDENTIFIER=x86 Family 6 Model 23 Stepping 10, GenuineIntel



---------------  S Y S T E M  ---------------

OS: Windows 7 Build 7601 Service Pack 1

CPU:total 2 (2 cores per cpu, 1 threads per core) family 6 model 23 stepping 10, cmov, cx8, fxsr, mmx, sse, sse2, sse3, ssse3, sse4.1

Memory: 4k page, physical 2095608k(420120k free), swap 5238264k(2658836k free)

vm_info: Java HotSpot(TM) Client VM (20.5-b03) for windows-x86 JRE (1.6.0_30-b12), built on Nov 10 2011 01:51:00 by "java_re" with MS VC++ 7.1 (VS2003)

time: Tue Oct 08 01:44:38 2013
elapsed time: 0 seconds

